<?xml version="1.0" encoding="UTF-8"?>
<!-- Generated by org.testng.reporters.JUnitReportReporter -->
<testsuite hostname="Sayed-Sadat" failures="0" tests="1" name="https_method.Get_Delete_Methods" time="2.990" errors="0" timestamp="14 Oct 2023 01:56:41 GMT">
  <testcase classname="https_method.Get_Delete_Methods" name="getAllUsers" time="2.990"/>
</testsuite> <!-- https_method.Get_Delete_Methods -->
