<?xml version="1.0" encoding="UTF-8"?>
<!-- Generated by org.testng.reporters.JUnitReportReporter -->
<testsuite hostname="Sayed-Sadat" failures="0" tests="1" name="https_method.Put_Post_methods" time="2.913" errors="0" timestamp="17 Oct 2023 00:50:36 GMT">
  <testcase classname="https_method.Put_Post_methods" name="updateUser" time="2.913"/>
</testsuite> <!-- https_method.Put_Post_methods -->
