<?xml version="1.0" encoding="UTF-8"?>
<!-- Generated by org.testng.reporters.JUnitReportReporter -->
<testsuite hostname="Sayed-Sadat" failures="0" tests="1" name="http_methods.PostRequests" time="4.102" errors="0" timestamp="19 Oct 2023 00:45:03 GMT">
  <testcase classname="http_methods.PostRequests" name="createUser_PojoClass" time="4.102"/>
</testsuite> <!-- http_methods.PostRequests -->
