<?xml version="1.0" encoding="UTF-8"?>
<!-- Generated by org.testng.reporters.JUnitReportReporter -->
<testsuite hostname="Sayed-Sadat" failures="0" tests="1" name="http_methods.Get_Delete_Methods" time="3.687" errors="0" timestamp="24 Oct 2023 00:50:01 GMT">
  <testcase classname="http_methods.Get_Delete_Methods" name="getSingleUser" time="3.687"/>
</testsuite> <!-- http_methods.Get_Delete_Methods -->
