<?xml version="1.0" encoding="UTF-8"?>
<!-- Generated by org.testng.reporters.JUnitReportReporter -->
<testsuite hostname="Sayed-Sadat" failures="0" tests="1" name="https_method.Put_Post_methods" time="3.147" errors="0" timestamp="14 Oct 2023 02:01:10 GMT">
  <testcase classname="https_method.Put_Post_methods" name="updateUser" time="3.147"/>
</testsuite> <!-- https_method.Put_Post_methods -->
