<?xml version="1.0" encoding="UTF-8"?>
<!-- Generated by org.testng.reporters.JUnitReportReporter -->
<testsuite hostname="Sayed-Sadat" failures="0" tests="1" name="tests_verification.JsonResponseFieldExtraction" time="4.770" errors="0" timestamp="19 Oct 2023 01:21:49 GMT">
  <testcase classname="tests_verification.JsonResponseFieldExtraction" name="createUser" time="4.770"/>
</testsuite> <!-- tests_verification.JsonResponseFieldExtraction -->
