<?xml version="1.0" encoding="UTF-8"?>
<!-- Generated by org.testng.reporters.JUnitReportReporter -->
<testsuite hostname="Sayed-Sadat" failures="0" tests="2" name="tests.Get_Method" time="3.864" errors="0" timestamp="2023-10-23T19:19:09 PDT" skipped="0">
  <testcase classname="tests.Get_Method" name="getAllUsers" time="3.604"/>
  <testcase classname="tests.Get_Method" name="getSingleUser" time="0.260"/>
</testsuite> <!-- tests.Get_Method -->
