<?xml version="1.0" encoding="UTF-8"?>
<!-- Generated by org.testng.reporters.JUnitReportReporter -->
<testsuite hostname="Sayed-Sadat" failures="0" tests="1" name="https_method.Get_Delete_Methods" time="2.090" errors="0" timestamp="16 Oct 2023 21:47:16 GMT">
  <testcase classname="https_method.Get_Delete_Methods" name="deleteUser" time="2.090"/>
</testsuite> <!-- https_method.Get_Delete_Methods -->
