<?xml version="1.0" encoding="UTF-8"?>
<!-- Generated by org.testng.reporters.JUnitReportReporter -->
<testsuite hostname="Sayed-Sadat" failures="0" tests="1" name="tests_verification.PostRequests" time="4.650" errors="0" timestamp="19 Oct 2023 01:17:48 GMT">
  <testcase classname="tests_verification.PostRequests" name="createUser" time="4.650"/>
</testsuite> <!-- tests_verification.PostRequests -->
