<?xml version="1.0" encoding="UTF-8"?>
<!-- Generated by org.testng.reporters.JUnitReportReporter -->
<testsuite hostname="Sayed-Sadat" failures="0" tests="1" name="http_methods.PostRequests" time="3.076" errors="0" timestamp="24 Oct 2023 00:51:15 GMT">
  <testcase classname="http_methods.PostRequests" name="createUser" time="3.076"/>
</testsuite> <!-- http_methods.PostRequests -->
