<?xml version="1.0" encoding="UTF-8"?>
<!-- Generated by org.testng.reporters.JUnitReportReporter -->
<testsuite hostname="Sayed-Sadat" failures="0" tests="1" name="tests_verification.JsonSchemaValidation" time="4.042" errors="0" timestamp="24 Oct 2023 01:12:37 GMT">
  <testcase classname="tests_verification.JsonSchemaValidation" name="jsonSchemavalidation" time="4.042"/>
</testsuite> <!-- tests_verification.JsonSchemaValidation -->
